This file contains any messages produced by compilers while
running configure, to aid debugging if configure makes a mistake.

It was created by Gummi configure 0.8.3, which was
generated by GNU Autoconf 2.71.  Invocation command line was

  $ ./configure --build=x86_64-linux-gnu --prefix=/usr '--includedir=${prefix}/include' '--mandir=${prefix}/share/man' '--infodir=${prefix}/share/info' --sysconfdir=/etc --localstatedir=/var --disable-option-checking --disable-silent-rules '--libdir=${prefix}/lib/x86_64-linux-gnu' --runstatedir=/run --disable-maintainer-mode --disable-dependency-tracking

## --------- ##
## Platform. ##
## --------- ##

hostname = kali
uname -m = x86_64
uname -r = 5.14.0-kali4-amd64
uname -s = Linux
uname -v = #1 SMP Debian 5.14.16-1kali1 (2021-11-05)

/usr/bin/uname -p = unknown
/bin/uname -X     = unknown

/bin/arch              = x86_64
/usr/bin/arch -k       = unknown
/usr/convex/getsysinfo = unknown
/usr/bin/hostinfo      = unknown
/bin/machine           = unknown
/usr/bin/oslevel       = unknown
/bin/universe          = unknown

PATH: /usr/local/sbin/
PATH: /usr/local/bin/
PATH: /usr/sbin/
PATH: /usr/bin/
PATH: /sbin/
PATH: /bin/
PATH: /usr/local/games/
PATH: /usr/games/


## ----------- ##
## Core tests. ##
## ----------- ##

configure:2503: looking for aux files: compile missing install-sh
configure:2516:  trying ./
configure:2545:   ./compile found
configure:2545:   ./missing found
configure:2527:   ./install-sh found
configure:2674: checking for a BSD-compatible install
configure:2747: result: /usr/bin/install -c
configure:2758: checking whether build environment is sane
configure:2813: result: yes
configure:2972: checking for a race-free mkdir -p
configure:3016: result: /usr/bin/mkdir -p
configure:3023: checking for gawk
configure:3044: found /usr/bin/gawk
configure:3055: result: gawk
configure:3066: checking whether make sets $(MAKE)
configure:3089: result: yes
configure:3119: checking whether make supports nested variables
configure:3137: result: yes
configure:3351: checking for gcc
configure:3372: found /usr/bin/gcc
configure:3383: result: gcc
configure:3736: checking for C compiler version
configure:3745: gcc --version >&5
gcc (Debian 11.2.0-10) 11.2.0
Copyright (C) 2021 Free Software Foundation, Inc.
This is free software; see the source for copying conditions.  There is NO
warranty; not even for MERCHANTABILITY or FITNESS FOR A PARTICULAR PURPOSE.

configure:3756: $? = 0
configure:3745: gcc -v >&5
Using built-in specs.
COLLECT_GCC=gcc
COLLECT_LTO_WRAPPER=/usr/lib/gcc/x86_64-linux-gnu/11/lto-wrapper
OFFLOAD_TARGET_NAMES=nvptx-none:amdgcn-amdhsa
OFFLOAD_TARGET_DEFAULT=1
Target: x86_64-linux-gnu
Configured with: ../src/configure -v --with-pkgversion='Debian 11.2.0-10' --with-bugurl=file:///usr/share/doc/gcc-11/README.Bugs --enable-languages=c,ada,c++,go,brig,d,fortran,objc,obj-c++,m2 --prefix=/usr --with-gcc-major-version-only --program-suffix=-11 --program-prefix=x86_64-linux-gnu- --enable-shared --enable-linker-build-id --libexecdir=/usr/lib --without-included-gettext --enable-threads=posix --libdir=/usr/lib --enable-nls --enable-bootstrap --enable-clocale=gnu --enable-libstdcxx-debug --enable-libstdcxx-time=yes --with-default-libstdcxx-abi=new --enable-gnu-unique-object --disable-vtable-verify --enable-plugin --enable-default-pie --with-system-zlib --enable-libphobos-checking=release --with-target-system-zlib=auto --enable-objc-gc=auto --enable-multiarch --disable-werror --enable-cet --with-arch-32=i686 --with-abi=m64 --with-multilib-list=m32,m64,mx32 --enable-multilib --with-tune=generic --enable-offload-targets=nvptx-none=/build/gcc-11-9Chg0b/gcc-11-11.2.0/debian/tmp-nvptx/usr,amdgcn-amdhsa=/build/gcc-11-9Chg0b/gcc-11-11.2.0/debian/tmp-gcn/usr --without-cuda-driver --enable-checking=release --build=x86_64-linux-gnu --host=x86_64-linux-gnu --target=x86_64-linux-gnu --with-build-config=bootstrap-lto-lean --enable-link-serialization=2
Thread model: posix
Supported LTO compression algorithms: zlib zstd
gcc version 11.2.0 (Debian 11.2.0-10) 
... rest of stderr output deleted ...
configure:3756: $? = 0
configure:3745: gcc -V >&5
gcc: error: unrecognized command-line option '-V'
gcc: fatal error: no input files
compilation terminated.
configure:3756: $? = 1
configure:3745: gcc -qversion >&5
gcc: error: unrecognized command-line option '-qversion'; did you mean '--version'?
gcc: fatal error: no input files
compilation terminated.
configure:3756: $? = 1
configure:3745: gcc -version >&5
gcc: error: unrecognized command-line option '-version'
gcc: fatal error: no input files
compilation terminated.
configure:3756: $? = 1
configure:3776: checking whether the C compiler works
configure:3798: gcc -g -O2 -ffile-prefix-map=/home/kali/build/gummi/0.8.3/gummi-0.8.3=. -fstack-protector-strong -Wformat -Werror=format-security -Wdate-time -D_FORTIFY_SOURCE=2 -Wl,-z,relro conftest.c  >&5
configure:3802: $? = 0
configure:3852: result: yes
configure:3855: checking for C compiler default output file name
configure:3857: result: a.out
configure:3863: checking for suffix of executables
configure:3870: gcc -o conftest -g -O2 -ffile-prefix-map=/home/kali/build/gummi/0.8.3/gummi-0.8.3=. -fstack-protector-strong -Wformat -Werror=format-security -Wdate-time -D_FORTIFY_SOURCE=2 -Wl,-z,relro conftest.c  >&5
configure:3874: $? = 0
configure:3897: result: 
configure:3919: checking whether we are cross compiling
configure:3927: gcc -o conftest -g -O2 -ffile-prefix-map=/home/kali/build/gummi/0.8.3/gummi-0.8.3=. -fstack-protector-strong -Wformat -Werror=format-security -Wdate-time -D_FORTIFY_SOURCE=2 -Wl,-z,relro conftest.c  >&5
configure:3931: $? = 0
configure:3938: ./conftest
configure:3942: $? = 0
configure:3957: result: no
configure:3962: checking for suffix of object files
configure:3985: gcc -c -g -O2 -ffile-prefix-map=/home/kali/build/gummi/0.8.3/gummi-0.8.3=. -fstack-protector-strong -Wformat -Werror=format-security -Wdate-time -D_FORTIFY_SOURCE=2 conftest.c >&5
configure:3989: $? = 0
configure:4011: result: o
configure:4015: checking whether the compiler supports GNU C
configure:4035: gcc -c -g -O2 -ffile-prefix-map=/home/kali/build/gummi/0.8.3/gummi-0.8.3=. -fstack-protector-strong -Wformat -Werror=format-security -Wdate-time -D_FORTIFY_SOURCE=2 conftest.c >&5
configure:4035: $? = 0
configure:4045: result: yes
configure:4056: checking whether gcc accepts -g
configure:4077: gcc -c -g -Wdate-time -D_FORTIFY_SOURCE=2 conftest.c >&5
configure:4077: $? = 0
configure:4121: result: yes
configure:4141: checking for gcc option to enable C11 features
configure:4156: gcc  -c -g -O2 -ffile-prefix-map=/home/kali/build/gummi/0.8.3/gummi-0.8.3=. -fstack-protector-strong -Wformat -Werror=format-security -Wdate-time -D_FORTIFY_SOURCE=2 conftest.c >&5
configure:4156: $? = 0
configure:4174: result: none needed
configure:4290: checking whether gcc understands -c and -o together
configure:4313: gcc -c conftest.c -o conftest2.o
configure:4316: $? = 0
configure:4313: gcc -c conftest.c -o conftest2.o
configure:4316: $? = 0
configure:4328: result: yes
configure:4348: checking whether make supports the include directive
configure:4363: make -f confmf.GNU && cat confinc.out
make[1]: Entering directory '/home/kali/build/gummi/0.8.3/gummi-0.8.3'
make[1]: Leaving directory '/home/kali/build/gummi/0.8.3/gummi-0.8.3'
this is the am__doit target
configure:4366: $? = 0
configure:4385: result: yes (GNU style)
configure:4411: checking dependency style of gcc
configure:4523: result: none
configure:4539: checking whether gcc and cc understand -c and -o together
configure:4571: gcc -c conftest.c -o conftest2.o >&5
configure:4575: $? = 0
configure:4581: gcc -c conftest.c -o conftest2.o >&5
configure:4585: $? = 0
configure:4596: cc -c conftest.c >&5
configure:4600: $? = 0
configure:4608: cc -c conftest.c -o conftest2.o >&5
configure:4612: $? = 0
configure:4618: cc -c conftest.c -o conftest2.o >&5
configure:4622: $? = 0
configure:4640: result: yes
configure:4651: checking whether NLS is requested
configure:4661: result: yes
configure:4689: checking for intltool-update
configure:4712: found /usr/bin/intltool-update
configure:4724: result: /usr/bin/intltool-update
configure:4734: checking for intltool-merge
configure:4757: found /usr/bin/intltool-merge
configure:4769: result: /usr/bin/intltool-merge
configure:4779: checking for intltool-extract
configure:4802: found /usr/bin/intltool-extract
configure:4814: result: /usr/bin/intltool-extract
configure:4968: checking for xgettext
configure:4991: found /usr/bin/xgettext
configure:5003: result: /usr/bin/xgettext
configure:5013: checking for msgmerge
configure:5036: found /usr/bin/msgmerge
configure:5048: result: /usr/bin/msgmerge
configure:5058: checking for msgfmt
configure:5081: found /usr/bin/msgfmt
configure:5093: result: /usr/bin/msgfmt
configure:5103: checking for gmsgfmt
configure:5139: result: /usr/bin/msgfmt
configure:5159: checking for perl
configure:5182: found /usr/bin/perl
configure:5194: result: /usr/bin/perl
configure:5205: checking for perl >= 5.8.1
configure:5212: result: 5.34.0
configure:5216: checking for XML::Parser
configure:5219: result: ok
configure:5330: checking for pkg-config
configure:5353: found /usr/bin/pkg-config
configure:5365: result: /usr/bin/pkg-config
configure:5390: checking pkg-config is at least version 0.16
configure:5393: result: yes
configure:5411: checking for glib-2.0 >= 2.20.0
configure:5418: $PKG_CONFIG --exists --print-errors "$pkg_config_args"
configure:5421: $? = 0
configure:5435: $PKG_CONFIG --exists --print-errors "$pkg_config_args"
configure:5438: $? = 0
configure:5476: result: yes
configure:5486: $PKG_CONFIG --exists --print-errors "glib-2.0"
configure:5489: $? = 0
configure:5510: $PKG_CONFIG --exists --print-errors "glib-2.0"
configure:5513: $? = 0
configure:5534: $PKG_CONFIG --exists --print-errors "glib-2.0"
configure:5537: $? = 0
configure:5558: $PKG_CONFIG --exists --print-errors "gio-2.0"
configure:5561: $? = 0
configure:5578: checking for GLIB - version >= 2.20.0
configure:5684: gcc -o conftest -g -O2 -ffile-prefix-map=/home/kali/build/gummi/0.8.3/gummi-0.8.3=. -fstack-protector-strong -Wformat -Werror=format-security -I/usr/include/glib-2.0 -I/usr/lib/x86_64-linux-gnu/glib-2.0/include -Wdate-time -D_FORTIFY_SOURCE=2 -Wl,-z,relro conftest.c -lglib-2.0  >&5
configure:5684: $? = 0
configure:5684: ./conftest
configure:5684: $? = 0
configure:5699: result: yes (version 2.72.1)
configure:5768: checking for gthread-2.0
configure:5775: $PKG_CONFIG --exists --print-errors "gthread-2.0"
configure:5778: $? = 0
configure:5792: $PKG_CONFIG --exists --print-errors "gthread-2.0"
configure:5795: $? = 0
configure:5833: result: yes
configure:5922: checking for pkg-config
configure:5957: result: /usr/bin/pkg-config
configure:5982: checking pkg-config is at least version 0.16
configure:5985: result: yes
configure:5998: checking for GTK+ - version >= 3.20.0
configure:6106: gcc -o conftest -g -O2 -ffile-prefix-map=/home/kali/build/gummi/0.8.3/gummi-0.8.3=. -fstack-protector-strong -Wformat -Werror=format-security -pthread -I/usr/include/gtk-3.0 -I/usr/include/at-spi2-atk/2.0 -I/usr/include/at-spi-2.0 -I/usr/include/dbus-1.0 -I/usr/lib/x86_64-linux-gnu/dbus-1.0/include -I/usr/include/gtk-3.0 -I/usr/include/gio-unix-2.0 -I/usr/include/cairo -I/usr/include/pango-1.0 -I/usr/include/harfbuzz -I/usr/include/pango-1.0 -I/usr/include/fribidi -I/usr/include/harfbuzz -I/usr/include/atk-1.0 -I/usr/include/cairo -I/usr/include/pixman-1 -I/usr/include/uuid -I/usr/include/freetype2 -I/usr/include/gdk-pixbuf-2.0 -I/usr/include/libpng16 -I/usr/include/x86_64-linux-gnu -I/usr/include/libmount -I/usr/include/blkid -I/usr/include/glib-2.0 -I/usr/lib/x86_64-linux-gnu/glib-2.0/include -Wdate-time -D_FORTIFY_SOURCE=2 -Wl,-z,relro conftest.c -lgtk-3 -lgdk-3 -lpangocairo-1.0 -lpango-1.0 -lharfbuzz -latk-1.0 -lcairo-gobject -lcairo -lgdk_pixbuf-2.0 -lgio-2.0 -lgobject-2.0 -lglib-2.0  >&5
configure:6106: $? = 0
configure:6106: ./conftest
configure:6106: $? = 0
configure:6121: result: yes (version 3.24.33)
configure:6188: checking for gtksourceview-3.0 >= 3.4.0
configure:6195: $PKG_CONFIG --exists --print-errors "gtksourceview-3.0 >= 3.4.0"
configure:6198: $? = 0
configure:6212: $PKG_CONFIG --exists --print-errors "gtksourceview-3.0 >= 3.4.0"
configure:6215: $? = 0
configure:6253: result: yes
configure:6262: checking for poppler-glib
configure:6269: $PKG_CONFIG --exists --print-errors "poppler-glib"
configure:6272: $? = 0
configure:6286: $PKG_CONFIG --exists --print-errors "poppler-glib"
configure:6289: $? = 0
configure:6327: result: yes
configure:6337: checking for gtkspell3-3.0
configure:6344: $PKG_CONFIG --exists --print-errors "gtkspell3-3.0"
configure:6347: $? = 0
configure:6361: $PKG_CONFIG --exists --print-errors "gtkspell3-3.0"
configure:6364: $? = 0
configure:6402: result: yes
configure:6411: checking for synctex >= 1.16
configure:6418: $PKG_CONFIG --exists --print-errors "synctex >= 1.16"
configure:6421: $? = 0
configure:6435: $PKG_CONFIG --exists --print-errors "synctex >= 1.16"
configure:6438: $? = 0
configure:6476: result: yes
configure:6492: checking for clock_gettime in -lrt
configure:6515: gcc -o conftest -g -O2 -ffile-prefix-map=/home/kali/build/gummi/0.8.3/gummi-0.8.3=. -fstack-protector-strong -Wformat -Werror=format-security -Wdate-time -D_FORTIFY_SOURCE=2 -Wl,-z,relro conftest.c -lrt   >&5
configure:6515: $? = 0
configure:6525: result: yes
configure:6540: checking for stdio.h
configure:6540: gcc -c -g -O2 -ffile-prefix-map=/home/kali/build/gummi/0.8.3/gummi-0.8.3=. -fstack-protector-strong -Wformat -Werror=format-security -Wdate-time -D_FORTIFY_SOURCE=2 conftest.c >&5
configure:6540: $? = 0
configure:6540: result: yes
configure:6540: checking for stdlib.h
configure:6540: gcc -c -g -O2 -ffile-prefix-map=/home/kali/build/gummi/0.8.3/gummi-0.8.3=. -fstack-protector-strong -Wformat -Werror=format-security -Wdate-time -D_FORTIFY_SOURCE=2 conftest.c >&5
configure:6540: $? = 0
configure:6540: result: yes
configure:6540: checking for string.h
configure:6540: gcc -c -g -O2 -ffile-prefix-map=/home/kali/build/gummi/0.8.3/gummi-0.8.3=. -fstack-protector-strong -Wformat -Werror=format-security -Wdate-time -D_FORTIFY_SOURCE=2 conftest.c >&5
configure:6540: $? = 0
configure:6540: result: yes
configure:6540: checking for inttypes.h
configure:6540: gcc -c -g -O2 -ffile-prefix-map=/home/kali/build/gummi/0.8.3/gummi-0.8.3=. -fstack-protector-strong -Wformat -Werror=format-security -Wdate-time -D_FORTIFY_SOURCE=2 conftest.c >&5
configure:6540: $? = 0
configure:6540: result: yes
configure:6540: checking for stdint.h
configure:6540: gcc -c -g -O2 -ffile-prefix-map=/home/kali/build/gummi/0.8.3/gummi-0.8.3=. -fstack-protector-strong -Wformat -Werror=format-security -Wdate-time -D_FORTIFY_SOURCE=2 conftest.c >&5
configure:6540: $? = 0
configure:6540: result: yes
configure:6540: checking for strings.h
configure:6540: gcc -c -g -O2 -ffile-prefix-map=/home/kali/build/gummi/0.8.3/gummi-0.8.3=. -fstack-protector-strong -Wformat -Werror=format-security -Wdate-time -D_FORTIFY_SOURCE=2 conftest.c >&5
configure:6540: $? = 0
configure:6540: result: yes
configure:6540: checking for sys/stat.h
configure:6540: gcc -c -g -O2 -ffile-prefix-map=/home/kali/build/gummi/0.8.3/gummi-0.8.3=. -fstack-protector-strong -Wformat -Werror=format-security -Wdate-time -D_FORTIFY_SOURCE=2 conftest.c >&5
configure:6540: $? = 0
configure:6540: result: yes
configure:6540: checking for sys/types.h
configure:6540: gcc -c -g -O2 -ffile-prefix-map=/home/kali/build/gummi/0.8.3/gummi-0.8.3=. -fstack-protector-strong -Wformat -Werror=format-security -Wdate-time -D_FORTIFY_SOURCE=2 conftest.c >&5
configure:6540: $? = 0
configure:6540: result: yes
configure:6540: checking for unistd.h
configure:6540: gcc -c -g -O2 -ffile-prefix-map=/home/kali/build/gummi/0.8.3/gummi-0.8.3=. -fstack-protector-strong -Wformat -Werror=format-security -Wdate-time -D_FORTIFY_SOURCE=2 conftest.c >&5
configure:6540: $? = 0
configure:6540: result: yes
configure:6565: checking for libintl.h
configure:6565: gcc -c -g -O2 -ffile-prefix-map=/home/kali/build/gummi/0.8.3/gummi-0.8.3=. -fstack-protector-strong -Wformat -Werror=format-security -Wdate-time -D_FORTIFY_SOURCE=2 conftest.c >&5
configure:6565: $? = 0
configure:6565: result: yes
configure:6571: checking for locale.h
configure:6571: gcc -c -g -O2 -ffile-prefix-map=/home/kali/build/gummi/0.8.3/gummi-0.8.3=. -fstack-protector-strong -Wformat -Werror=format-security -Wdate-time -D_FORTIFY_SOURCE=2 conftest.c >&5
configure:6571: $? = 0
configure:6571: result: yes
configure:6577: checking for netdb.h
configure:6577: gcc -c -g -O2 -ffile-prefix-map=/home/kali/build/gummi/0.8.3/gummi-0.8.3=. -fstack-protector-strong -Wformat -Werror=format-security -Wdate-time -D_FORTIFY_SOURCE=2 conftest.c >&5
configure:6577: $? = 0
configure:6577: result: yes
configure:6583: checking for stdlib.h
configure:6583: result: yes
configure:6589: checking for string.h
configure:6589: result: yes
configure:6595: checking for sys/socket.h
configure:6595: gcc -c -g -O2 -ffile-prefix-map=/home/kali/build/gummi/0.8.3/gummi-0.8.3=. -fstack-protector-strong -Wformat -Werror=format-security -Wdate-time -D_FORTIFY_SOURCE=2 conftest.c >&5
configure:6595: $? = 0
configure:6595: result: yes
configure:6601: checking for sys/time.h
configure:6601: gcc -c -g -O2 -ffile-prefix-map=/home/kali/build/gummi/0.8.3/gummi-0.8.3=. -fstack-protector-strong -Wformat -Werror=format-security -Wdate-time -D_FORTIFY_SOURCE=2 conftest.c >&5
configure:6601: $? = 0
configure:6601: result: yes
configure:6607: checking for unistd.h
configure:6607: result: yes
configure:6613: checking for fcntl.h
configure:6613: gcc -c -g -O2 -ffile-prefix-map=/home/kali/build/gummi/0.8.3/gummi-0.8.3=. -fstack-protector-strong -Wformat -Werror=format-security -Wdate-time -D_FORTIFY_SOURCE=2 conftest.c >&5
configure:6613: $? = 0
configure:6613: result: yes
configure:6622: checking for _Bool
configure:6622: gcc -c -g -O2 -ffile-prefix-map=/home/kali/build/gummi/0.8.3/gummi-0.8.3=. -fstack-protector-strong -Wformat -Werror=format-security -Wdate-time -D_FORTIFY_SOURCE=2 conftest.c >&5
configure:6622: $? = 0
configure:6622: gcc -c -g -O2 -ffile-prefix-map=/home/kali/build/gummi/0.8.3/gummi-0.8.3=. -fstack-protector-strong -Wformat -Werror=format-security -Wdate-time -D_FORTIFY_SOURCE=2 conftest.c >&5
conftest.c: In function 'main':
conftest.c:62:20: error: expected expression before ')' token
   62 | if (sizeof ((_Bool)))
      |                    ^
configure:6622: $? = 1
configure: failed program was:
| /* confdefs.h */
| #define PACKAGE_NAME "Gummi"
| #define PACKAGE_TARNAME "gummi"
| #define PACKAGE_VERSION "0.8.3"
| #define PACKAGE_STRING "Gummi 0.8.3"
| #define PACKAGE_BUGREPORT "alexander@localhost"
| #define PACKAGE_URL "https://gummi.app"
| #define PACKAGE "gummi"
| #define VERSION "0.8.3"
| #define GETTEXT_PACKAGE "gummi"
| #define HAVE_STDIO_H 1
| #define HAVE_STDLIB_H 1
| #define HAVE_STRING_H 1
| #define HAVE_INTTYPES_H 1
| #define HAVE_STDINT_H 1
| #define HAVE_STRINGS_H 1
| #define HAVE_SYS_STAT_H 1
| #define HAVE_SYS_TYPES_H 1
| #define HAVE_UNISTD_H 1
| #define STDC_HEADERS 1
| #define HAVE_LIBINTL_H 1
| #define HAVE_LOCALE_H 1
| #define HAVE_NETDB_H 1
| #define HAVE_STDLIB_H 1
| #define HAVE_STRING_H 1
| #define HAVE_SYS_SOCKET_H 1
| #define HAVE_SYS_TIME_H 1
| #define HAVE_UNISTD_H 1
| #define HAVE_FCNTL_H 1
| /* end confdefs.h.  */
| #include <stddef.h>
| #ifdef HAVE_STDIO_H
| # include <stdio.h>
| #endif
| #ifdef HAVE_STDLIB_H
| # include <stdlib.h>
| #endif
| #ifdef HAVE_STRING_H
| # include <string.h>
| #endif
| #ifdef HAVE_INTTYPES_H
| # include <inttypes.h>
| #endif
| #ifdef HAVE_STDINT_H
| # include <stdint.h>
| #endif
| #ifdef HAVE_STRINGS_H
| # include <strings.h>
| #endif
| #ifdef HAVE_SYS_TYPES_H
| # include <sys/types.h>
| #endif
| #ifdef HAVE_SYS_STAT_H
| # include <sys/stat.h>
| #endif
| #ifdef HAVE_UNISTD_H
| # include <unistd.h>
| #endif
| int
| main (void)
| {
| if (sizeof ((_Bool)))
| 	    return 0;
|   ;
|   return 0;
| }
configure:6622: result: yes
configure:6631: checking for stdbool.h that conforms to C99
configure:6747: gcc -c -g -O2 -ffile-prefix-map=/home/kali/build/gummi/0.8.3/gummi-0.8.3=. -fstack-protector-strong -Wformat -Werror=format-security -Wdate-time -D_FORTIFY_SOURCE=2 conftest.c >&5
configure:6747: $? = 0
configure:6755: result: yes
configure:6764: checking for an ANSI C-conforming const
configure:6831: gcc -c -g -O2 -ffile-prefix-map=/home/kali/build/gummi/0.8.3/gummi-0.8.3=. -fstack-protector-strong -Wformat -Werror=format-security -Wdate-time -D_FORTIFY_SOURCE=2 conftest.c >&5
configure:6831: $? = 0
configure:6839: result: yes
configure:6847: checking for inline
configure:6864: gcc -c -g -O2 -ffile-prefix-map=/home/kali/build/gummi/0.8.3/gummi-0.8.3=. -fstack-protector-strong -Wformat -Werror=format-security -Wdate-time -D_FORTIFY_SOURCE=2 conftest.c >&5
configure:6864: $? = 0
configure:6873: result: inline
configure:6891: checking for size_t
configure:6891: gcc -c -g -O2 -ffile-prefix-map=/home/kali/build/gummi/0.8.3/gummi-0.8.3=. -fstack-protector-strong -Wformat -Werror=format-security -Wdate-time -D_FORTIFY_SOURCE=2 conftest.c >&5
configure:6891: $? = 0
configure:6891: gcc -c -g -O2 -ffile-prefix-map=/home/kali/build/gummi/0.8.3/gummi-0.8.3=. -fstack-protector-strong -Wformat -Werror=format-security -Wdate-time -D_FORTIFY_SOURCE=2 conftest.c >&5
conftest.c: In function 'main':
conftest.c:64:21: error: expected expression before ')' token
   64 | if (sizeof ((size_t)))
      |                     ^
configure:6891: $? = 1
configure: failed program was:
| /* confdefs.h */
| #define PACKAGE_NAME "Gummi"
| #define PACKAGE_TARNAME "gummi"
| #define PACKAGE_VERSION "0.8.3"
| #define PACKAGE_STRING "Gummi 0.8.3"
| #define PACKAGE_BUGREPORT "alexander@localhost"
| #define PACKAGE_URL "https://gummi.app"
| #define PACKAGE "gummi"
| #define VERSION "0.8.3"
| #define GETTEXT_PACKAGE "gummi"
| #define HAVE_STDIO_H 1
| #define HAVE_STDLIB_H 1
| #define HAVE_STRING_H 1
| #define HAVE_INTTYPES_H 1
| #define HAVE_STDINT_H 1
| #define HAVE_STRINGS_H 1
| #define HAVE_SYS_STAT_H 1
| #define HAVE_SYS_TYPES_H 1
| #define HAVE_UNISTD_H 1
| #define STDC_HEADERS 1
| #define HAVE_LIBINTL_H 1
| #define HAVE_LOCALE_H 1
| #define HAVE_NETDB_H 1
| #define HAVE_STDLIB_H 1
| #define HAVE_STRING_H 1
| #define HAVE_SYS_SOCKET_H 1
| #define HAVE_SYS_TIME_H 1
| #define HAVE_UNISTD_H 1
| #define HAVE_FCNTL_H 1
| #define HAVE__BOOL 1
| #define HAVE_STDBOOL_H 1
| /* end confdefs.h.  */
| #include <stddef.h>
| #ifdef HAVE_STDIO_H
| # include <stdio.h>
| #endif
| #ifdef HAVE_STDLIB_H
| # include <stdlib.h>
| #endif
| #ifdef HAVE_STRING_H
| # include <string.h>
| #endif
| #ifdef HAVE_INTTYPES_H
| # include <inttypes.h>
| #endif
| #ifdef HAVE_STDINT_H
| # include <stdint.h>
| #endif
| #ifdef HAVE_STRINGS_H
| # include <strings.h>
| #endif
| #ifdef HAVE_SYS_TYPES_H
| # include <sys/types.h>
| #endif
| #ifdef HAVE_SYS_STAT_H
| # include <sys/stat.h>
| #endif
| #ifdef HAVE_UNISTD_H
| # include <unistd.h>
| #endif
| int
| main (void)
| {
| if (sizeof ((size_t)))
| 	    return 0;
|   ;
|   return 0;
| }
configure:6891: result: yes
configure:6903: checking for gethostbyname
configure:6903: gcc -o conftest -g -O2 -ffile-prefix-map=/home/kali/build/gummi/0.8.3/gummi-0.8.3=. -fstack-protector-strong -Wformat -Werror=format-security -Wdate-time -D_FORTIFY_SOURCE=2 -Wl,-z,relro conftest.c  >&5
configure:6903: $? = 0
configure:6903: result: yes
configure:6909: checking for memset
configure:6909: gcc -o conftest -g -O2 -ffile-prefix-map=/home/kali/build/gummi/0.8.3/gummi-0.8.3=. -fstack-protector-strong -Wformat -Werror=format-security -Wdate-time -D_FORTIFY_SOURCE=2 -Wl,-z,relro conftest.c  >&5
conftest.c:50:6: warning: conflicting types for built-in function 'memset'; expected 'void *(void *, int,  long unsigned int)' [-Wbuiltin-declaration-mismatch]
   50 | char memset ();
      |      ^~~~~~
conftest.c:42:1: note: 'memset' is declared in header '<string.h>'
   41 | #include <limits.h>
   42 | #undef memset
configure:6909: $? = 0
configure:6909: result: yes
configure:6915: checking for setlocale
configure:6915: gcc -o conftest -g -O2 -ffile-prefix-map=/home/kali/build/gummi/0.8.3/gummi-0.8.3=. -fstack-protector-strong -Wformat -Werror=format-security -Wdate-time -D_FORTIFY_SOURCE=2 -Wl,-z,relro conftest.c  >&5
configure:6915: $? = 0
configure:6915: result: yes
configure:6921: checking for socket
configure:6921: gcc -o conftest -g -O2 -ffile-prefix-map=/home/kali/build/gummi/0.8.3/gummi-0.8.3=. -fstack-protector-strong -Wformat -Werror=format-security -Wdate-time -D_FORTIFY_SOURCE=2 -Wl,-z,relro conftest.c  >&5
configure:6921: $? = 0
configure:6921: result: yes
configure:6927: checking for strstr
configure:6927: gcc -o conftest -g -O2 -ffile-prefix-map=/home/kali/build/gummi/0.8.3/gummi-0.8.3=. -fstack-protector-strong -Wformat -Werror=format-security -Wdate-time -D_FORTIFY_SOURCE=2 -Wl,-z,relro conftest.c  >&5
conftest.c:53:6: warning: conflicting types for built-in function 'strstr'; expected 'char *(const char *, const char *)' [-Wbuiltin-declaration-mismatch]
   53 | char strstr ();
      |      ^~~~~~
conftest.c:45:1: note: 'strstr' is declared in header '<string.h>'
   44 | #include <limits.h>
   45 | #undef strstr
configure:6927: $? = 0
configure:6927: result: yes
configure:7040: checking that generated files are newer than configure
configure:7046: result: done
configure:7073: creating ./config.status

## ---------------------- ##
## Running config.status. ##
## ---------------------- ##

This file was extended by Gummi config.status 0.8.3, which was
generated by GNU Autoconf 2.71.  Invocation command line was

  CONFIG_FILES    = 
  CONFIG_HEADERS  = 
  CONFIG_LINKS    = 
  CONFIG_COMMANDS = 
  $ ./config.status 

on kali

config.status:988: creating Makefile
config.status:988: creating src/Makefile
config.status:988: creating data/Makefile
config.status:988: creating data/ui/Makefile
config.status:988: creating data/icons/Makefile
config.status:988: creating data/snippets/Makefile
config.status:988: creating data/misc/Makefile
config.status:988: creating lib/Makefile
config.status:988: creating po/Makefile.in
config.status:988: creating data/misc/gummi.desktop
config.status:988: creating config.h
config.status:1217: executing depfiles commands
config.status:1217: executing po/stamp-it commands

## ---------------- ##
## Cache variables. ##
## ---------------- ##

ac_cv_c_compiler_gnu=yes
ac_cv_c_const=yes
ac_cv_c_inline=inline
ac_cv_env_CC_set=
ac_cv_env_CC_value=
ac_cv_env_CFLAGS_set=set
ac_cv_env_CFLAGS_value='-g -O2 -ffile-prefix-map=/home/kali/build/gummi/0.8.3/gummi-0.8.3=. -fstack-protector-strong -Wformat -Werror=format-security'
ac_cv_env_CPPFLAGS_set=set
ac_cv_env_CPPFLAGS_value='-Wdate-time -D_FORTIFY_SOURCE=2'
ac_cv_env_GLIB_CFLAGS_set=
ac_cv_env_GLIB_CFLAGS_value=
ac_cv_env_GLIB_COMPILE_RESOURCES_set=
ac_cv_env_GLIB_COMPILE_RESOURCES_value=
ac_cv_env_GLIB_GENMARSHAL_set=
ac_cv_env_GLIB_GENMARSHAL_value=
ac_cv_env_GLIB_LIBS_set=
ac_cv_env_GLIB_LIBS_value=
ac_cv_env_GLIB_MKENUMS_set=
ac_cv_env_GLIB_MKENUMS_value=
ac_cv_env_GOBJECT_QUERY_set=
ac_cv_env_GOBJECT_QUERY_value=
ac_cv_env_LDFLAGS_set=set
ac_cv_env_LDFLAGS_value=-Wl,-z,relro
ac_cv_env_LIBS_set=
ac_cv_env_LIBS_value=
ac_cv_env_PKG_CONFIG_LIBDIR_set=
ac_cv_env_PKG_CONFIG_LIBDIR_value=
ac_cv_env_PKG_CONFIG_PATH_set=
ac_cv_env_PKG_CONFIG_PATH_value=
ac_cv_env_PKG_CONFIG_set=
ac_cv_env_PKG_CONFIG_value=
ac_cv_env_build_alias_set=set
ac_cv_env_build_alias_value=x86_64-linux-gnu
ac_cv_env_gthread_CFLAGS_set=
ac_cv_env_gthread_CFLAGS_value=
ac_cv_env_gthread_LIBS_set=
ac_cv_env_gthread_LIBS_value=
ac_cv_env_gtksourceview_CFLAGS_set=
ac_cv_env_gtksourceview_CFLAGS_value=
ac_cv_env_gtksourceview_LIBS_set=
ac_cv_env_gtksourceview_LIBS_value=
ac_cv_env_gtkspell3_CFLAGS_set=
ac_cv_env_gtkspell3_CFLAGS_value=
ac_cv_env_gtkspell3_LIBS_set=
ac_cv_env_gtkspell3_LIBS_value=
ac_cv_env_host_alias_set=
ac_cv_env_host_alias_value=
ac_cv_env_poppler_CFLAGS_set=
ac_cv_env_poppler_CFLAGS_value=
ac_cv_env_poppler_LIBS_set=
ac_cv_env_poppler_LIBS_value=
ac_cv_env_synctex_CFLAGS_set=
ac_cv_env_synctex_CFLAGS_value=
ac_cv_env_synctex_LIBS_set=
ac_cv_env_synctex_LIBS_value=
ac_cv_env_target_alias_set=
ac_cv_env_target_alias_value=
ac_cv_func_gethostbyname=yes
ac_cv_func_memset=yes
ac_cv_func_setlocale=yes
ac_cv_func_socket=yes
ac_cv_func_strstr=yes
ac_cv_header_fcntl_h=yes
ac_cv_header_inttypes_h=yes
ac_cv_header_libintl_h=yes
ac_cv_header_locale_h=yes
ac_cv_header_netdb_h=yes
ac_cv_header_stdbool_h=yes
ac_cv_header_stdint_h=yes
ac_cv_header_stdio_h=yes
ac_cv_header_stdlib_h=yes
ac_cv_header_string_h=yes
ac_cv_header_strings_h=yes
ac_cv_header_sys_socket_h=yes
ac_cv_header_sys_stat_h=yes
ac_cv_header_sys_time_h=yes
ac_cv_header_sys_types_h=yes
ac_cv_header_unistd_h=yes
ac_cv_lib_rt_clock_gettime=yes
ac_cv_objext=o
ac_cv_path_GMSGFMT=/usr/bin/msgfmt
ac_cv_path_INTLTOOL_EXTRACT=/usr/bin/intltool-extract
ac_cv_path_INTLTOOL_MERGE=/usr/bin/intltool-merge
ac_cv_path_INTLTOOL_PERL=/usr/bin/perl
ac_cv_path_INTLTOOL_UPDATE=/usr/bin/intltool-update
ac_cv_path_MSGFMT=/usr/bin/msgfmt
ac_cv_path_MSGMERGE=/usr/bin/msgmerge
ac_cv_path_XGETTEXT=/usr/bin/xgettext
ac_cv_path_ac_pt_PKG_CONFIG=/usr/bin/pkg-config
ac_cv_path_install='/usr/bin/install -c'
ac_cv_path_mkdir=/usr/bin/mkdir
ac_cv_prog_AWK=gawk
ac_cv_prog_ac_ct_CC=gcc
ac_cv_prog_cc_c11=
ac_cv_prog_cc_g=yes
ac_cv_prog_cc_gcc_c_o=yes
ac_cv_prog_cc_stdc=
ac_cv_prog_make_make_set=yes
ac_cv_type__Bool=yes
ac_cv_type_size_t=yes
am_cv_CC_dependencies_compiler_type=none
am_cv_make_support_nested_variables=yes
am_cv_prog_cc_c_o=yes
pkg_cv_GLIB_CFLAGS='-I/usr/include/glib-2.0 -I/usr/lib/x86_64-linux-gnu/glib-2.0/include'
pkg_cv_GLIB_COMPILE_RESOURCES=/usr/bin/glib-compile-resources
pkg_cv_GLIB_GENMARSHAL=/usr/bin/glib-genmarshal
pkg_cv_GLIB_LIBS=-lglib-2.0
pkg_cv_GLIB_MKENUMS=/usr/bin/glib-mkenums
pkg_cv_GOBJECT_QUERY=/usr/bin/gobject-query
pkg_cv_gthread_CFLAGS='-pthread -I/usr/include/glib-2.0 -I/usr/lib/x86_64-linux-gnu/glib-2.0/include'
pkg_cv_gthread_LIBS='-lgthread-2.0 -pthread -lglib-2.0'
pkg_cv_gtksourceview_CFLAGS='-pthread -I/usr/include/gtksourceview-3.0 -I/usr/include/libxml2 -I/usr/include/gtk-3.0 -I/usr/include/at-spi2-atk/2.0 -I/usr/include/at-spi-2.0 -I/usr/include/dbus-1.0 -I/usr/lib/x86_64-linux-gnu/dbus-1.0/include -I/usr/include/gtk-3.0 -I/usr/include/gio-unix-2.0 -I/usr/include/cairo -I/usr/include/pango-1.0 -I/usr/include/harfbuzz -I/usr/include/pango-1.0 -I/usr/include/fribidi -I/usr/include/harfbuzz -I/usr/include/atk-1.0 -I/usr/include/cairo -I/usr/include/pixman-1 -I/usr/include/uuid -I/usr/include/freetype2 -I/usr/include/gdk-pixbuf-2.0 -I/usr/include/libpng16 -I/usr/include/x86_64-linux-gnu -I/usr/include/libmount -I/usr/include/blkid -I/usr/include/glib-2.0 -I/usr/lib/x86_64-linux-gnu/glib-2.0/include'
pkg_cv_gtksourceview_LIBS='-lgtksourceview-3.0 -lgtk-3 -lgdk-3 -lpangocairo-1.0 -lpango-1.0 -lharfbuzz -latk-1.0 -lcairo-gobject -lcairo -lgdk_pixbuf-2.0 -lgio-2.0 -lgobject-2.0 -lglib-2.0'
pkg_cv_gtkspell3_CFLAGS='-pthread -I/usr/include/gtkspell-3.0 -I/usr/include/gtk-3.0 -I/usr/include/at-spi2-atk/2.0 -I/usr/include/at-spi-2.0 -I/usr/include/dbus-1.0 -I/usr/lib/x86_64-linux-gnu/dbus-1.0/include -I/usr/include/gtk-3.0 -I/usr/include/gio-unix-2.0 -I/usr/include/cairo -I/usr/include/pango-1.0 -I/usr/include/harfbuzz -I/usr/include/pango-1.0 -I/usr/include/fribidi -I/usr/include/harfbuzz -I/usr/include/atk-1.0 -I/usr/include/cairo -I/usr/include/pixman-1 -I/usr/include/uuid -I/usr/include/freetype2 -I/usr/include/gdk-pixbuf-2.0 -I/usr/include/libpng16 -I/usr/include/x86_64-linux-gnu -I/usr/include/libmount -I/usr/include/blkid -I/usr/include/enchant-2 -I/usr/include/glib-2.0 -I/usr/lib/x86_64-linux-gnu/glib-2.0/include'
pkg_cv_gtkspell3_LIBS='-lgtkspell3-3 -lgtk-3 -lgdk-3 -lpangocairo-1.0 -lpango-1.0 -lharfbuzz -latk-1.0 -lcairo-gobject -lcairo -lgdk_pixbuf-2.0 -lgio-2.0 -lgobject-2.0 -lglib-2.0 -lenchant-2'
pkg_cv_poppler_CFLAGS='-I/usr/include/poppler/glib -I/usr/include/poppler -I/usr/include/cairo -I/usr/include/glib-2.0 -I/usr/lib/x86_64-linux-gnu/glib-2.0/include -I/usr/include/pixman-1 -I/usr/include/uuid -I/usr/include/freetype2 -I/usr/include/libpng16'
pkg_cv_poppler_LIBS='-lpoppler-glib -lgobject-2.0 -lglib-2.0 -lcairo'
pkg_cv_synctex_CFLAGS=-I/usr/include/synctex
pkg_cv_synctex_LIBS=-lsynctex

## ----------------- ##
## Output variables. ##
## ----------------- ##

ACLOCAL='${SHELL} '\''/home/kali/build/gummi/0.8.3/gummi-0.8.3/missing'\'' aclocal-1.16'
ALL_LINGUAS='ar ca cs da de el es fr hu ie it nl pl pt pt_BR ro ru sv zh_CN zh_TW'
AMDEPBACKSLASH=''
AMDEP_FALSE=''
AMDEP_TRUE='#'
AMTAR='$${TAR-tar}'
AM_BACKSLASH='\'
AM_DEFAULT_V='$(AM_DEFAULT_VERBOSITY)'
AM_DEFAULT_VERBOSITY='1'
AM_V='$(V)'
AUTOCONF='${SHELL} '\''/home/kali/build/gummi/0.8.3/gummi-0.8.3/missing'\'' autoconf'
AUTOHEADER='${SHELL} '\''/home/kali/build/gummi/0.8.3/gummi-0.8.3/missing'\'' autoheader'
AUTOMAKE='${SHELL} '\''/home/kali/build/gummi/0.8.3/gummi-0.8.3/missing'\'' automake-1.16'
AWK='gawk'
CC='gcc'
CCDEPMODE='depmode=none'
CFLAGS='-g -O2 -ffile-prefix-map=/home/kali/build/gummi/0.8.3/gummi-0.8.3=. -fstack-protector-strong -Wformat -Werror=format-security'
CPPFLAGS='-Wdate-time -D_FORTIFY_SOURCE=2'
CSCOPE='cscope'
CTAGS='ctags'
CYGPATH_W='echo'
DEFS='-DHAVE_CONFIG_H'
DEPDIR='.deps'
ECHO_C=''
ECHO_N='-n'
ECHO_T=''
ETAGS='etags'
EXEEXT=''
GETTEXT_PACKAGE='gummi'
GLIB_CFLAGS='-I/usr/include/glib-2.0 -I/usr/lib/x86_64-linux-gnu/glib-2.0/include'
GLIB_COMPILE_RESOURCES='/usr/bin/glib-compile-resources'
GLIB_GENMARSHAL='/usr/bin/glib-genmarshal'
GLIB_LIBS='-lglib-2.0'
GLIB_MKENUMS='/usr/bin/glib-mkenums'
GMSGFMT='/usr/bin/msgfmt'
GOBJECT_QUERY='/usr/bin/gobject-query'
GTK_CFLAGS='-pthread -I/usr/include/gtk-3.0 -I/usr/include/at-spi2-atk/2.0 -I/usr/include/at-spi-2.0 -I/usr/include/dbus-1.0 -I/usr/lib/x86_64-linux-gnu/dbus-1.0/include -I/usr/include/gtk-3.0 -I/usr/include/gio-unix-2.0 -I/usr/include/cairo -I/usr/include/pango-1.0 -I/usr/include/harfbuzz -I/usr/include/pango-1.0 -I/usr/include/fribidi -I/usr/include/harfbuzz -I/usr/include/atk-1.0 -I/usr/include/cairo -I/usr/include/pixman-1 -I/usr/include/uuid -I/usr/include/freetype2 -I/usr/include/gdk-pixbuf-2.0 -I/usr/include/libpng16 -I/usr/include/x86_64-linux-gnu -I/usr/include/libmount -I/usr/include/blkid -I/usr/include/glib-2.0 -I/usr/lib/x86_64-linux-gnu/glib-2.0/include'
GTK_LIBS='-lgtk-3 -lgdk-3 -lpangocairo-1.0 -lpango-1.0 -lharfbuzz -latk-1.0 -lcairo-gobject -lcairo -lgdk_pixbuf-2.0 -lgio-2.0 -lgobject-2.0 -lglib-2.0'
GUI_CFLAGS=' -I/usr/include/glib-2.0 -I/usr/lib/x86_64-linux-gnu/glib-2.0/include -pthread -I/usr/include/glib-2.0 -I/usr/lib/x86_64-linux-gnu/glib-2.0/include -pthread -I/usr/include/gtk-3.0 -I/usr/include/at-spi2-atk/2.0 -I/usr/include/at-spi-2.0 -I/usr/include/dbus-1.0 -I/usr/lib/x86_64-linux-gnu/dbus-1.0/include -I/usr/include/gtk-3.0 -I/usr/include/gio-unix-2.0 -I/usr/include/cairo -I/usr/include/pango-1.0 -I/usr/include/harfbuzz -I/usr/include/pango-1.0 -I/usr/include/fribidi -I/usr/include/harfbuzz -I/usr/include/atk-1.0 -I/usr/include/cairo -I/usr/include/pixman-1 -I/usr/include/uuid -I/usr/include/freetype2 -I/usr/include/gdk-pixbuf-2.0 -I/usr/include/libpng16 -I/usr/include/x86_64-linux-gnu -I/usr/include/libmount -I/usr/include/blkid -I/usr/include/glib-2.0 -I/usr/lib/x86_64-linux-gnu/glib-2.0/include -pthread -I/usr/include/gtksourceview-3.0 -I/usr/include/libxml2 -I/usr/include/gtk-3.0 -I/usr/include/at-spi2-atk/2.0 -I/usr/include/at-spi-2.0 -I/usr/include/dbus-1.0 -I/usr/lib/x86_64-linux-gnu/dbus-1.0/include -I/usr/include/gtk-3.0 -I/usr/include/gio-unix-2.0 -I/usr/include/cairo -I/usr/include/pango-1.0 -I/usr/include/harfbuzz -I/usr/include/pango-1.0 -I/usr/include/fribidi -I/usr/include/harfbuzz -I/usr/include/atk-1.0 -I/usr/include/cairo -I/usr/include/pixman-1 -I/usr/include/uuid -I/usr/include/freetype2 -I/usr/include/gdk-pixbuf-2.0 -I/usr/include/libpng16 -I/usr/include/x86_64-linux-gnu -I/usr/include/libmount -I/usr/include/blkid -I/usr/include/glib-2.0 -I/usr/lib/x86_64-linux-gnu/glib-2.0/include -I/usr/include/poppler/glib -I/usr/include/poppler -I/usr/include/cairo -I/usr/include/glib-2.0 -I/usr/lib/x86_64-linux-gnu/glib-2.0/include -I/usr/include/pixman-1 -I/usr/include/uuid -I/usr/include/freetype2 -I/usr/include/libpng16 -pthread -I/usr/include/gtkspell-3.0 -I/usr/include/gtk-3.0 -I/usr/include/at-spi2-atk/2.0 -I/usr/include/at-spi-2.0 -I/usr/include/dbus-1.0 -I/usr/lib/x86_64-linux-gnu/dbus-1.0/include -I/usr/include/gtk-3.0 -I/usr/include/gio-unix-2.0 -I/usr/include/cairo -I/usr/include/pango-1.0 -I/usr/include/harfbuzz -I/usr/include/pango-1.0 -I/usr/include/fribidi -I/usr/include/harfbuzz -I/usr/include/atk-1.0 -I/usr/include/cairo -I/usr/include/pixman-1 -I/usr/include/uuid -I/usr/include/freetype2 -I/usr/include/gdk-pixbuf-2.0 -I/usr/include/libpng16 -I/usr/include/x86_64-linux-gnu -I/usr/include/libmount -I/usr/include/blkid -I/usr/include/enchant-2 -I/usr/include/glib-2.0 -I/usr/lib/x86_64-linux-gnu/glib-2.0/include -I/usr/include/synctex'
GUI_LIBS=' -lglib-2.0 -lgthread-2.0 -pthread -lglib-2.0 -lgtk-3 -lgdk-3 -lpangocairo-1.0 -lpango-1.0 -lharfbuzz -latk-1.0 -lcairo-gobject -lcairo -lgdk_pixbuf-2.0 -lgio-2.0 -lgobject-2.0 -lglib-2.0 -lgtksourceview-3.0 -lgtk-3 -lgdk-3 -lpangocairo-1.0 -lpango-1.0 -lharfbuzz -latk-1.0 -lcairo-gobject -lcairo -lgdk_pixbuf-2.0 -lgio-2.0 -lgobject-2.0 -lglib-2.0 -lpoppler-glib -lgobject-2.0 -lglib-2.0 -lcairo -lgtkspell3-3 -lgtk-3 -lgdk-3 -lpangocairo-1.0 -lpango-1.0 -lharfbuzz -latk-1.0 -lcairo-gobject -lcairo -lgdk_pixbuf-2.0 -lgio-2.0 -lgobject-2.0 -lglib-2.0 -lenchant-2 -lsynctex -pthread -lm -lz -lrt'
INSTALL_DATA='${INSTALL} -m 644'
INSTALL_PROGRAM='${INSTALL}'
INSTALL_SCRIPT='${INSTALL}'
INSTALL_STRIP_PROGRAM='$(install_sh) -c -s'
INTLTOOL_CAVES_RULE='%.caves:     %.caves.in     $(INTLTOOL_MERGE) $(wildcard $(top_srcdir)/po/*.po) ; $(INTLTOOL_V_MERGE)LC_ALL=C $(INTLTOOL_MERGE) $(INTLTOOL_V_MERGE_OPTIONS) -d -u -c $(top_builddir)/po/.intltool-merge-cache $(top_srcdir)/po $< $@'
INTLTOOL_DESKTOP_RULE='%.desktop:   %.desktop.in   $(INTLTOOL_MERGE) $(wildcard $(top_srcdir)/po/*.po) ; $(INTLTOOL_V_MERGE)LC_ALL=C $(INTLTOOL_MERGE) $(INTLTOOL_V_MERGE_OPTIONS) -d -u -c $(top_builddir)/po/.intltool-merge-cache $(top_srcdir)/po $< $@'
INTLTOOL_DIRECTORY_RULE='%.directory: %.directory.in $(INTLTOOL_MERGE) $(wildcard $(top_srcdir)/po/*.po) ; $(INTLTOOL_V_MERGE)LC_ALL=C $(INTLTOOL_MERGE) $(INTLTOOL_V_MERGE_OPTIONS) -d -u -c $(top_builddir)/po/.intltool-merge-cache $(top_srcdir)/po $< $@'
INTLTOOL_EXTRACT='/usr/bin/intltool-extract'
INTLTOOL_KBD_RULE='%.kbd:       %.kbd.in       $(INTLTOOL_MERGE) $(wildcard $(top_srcdir)/po/*.po) ; $(INTLTOOL_V_MERGE)LC_ALL=C $(INTLTOOL_MERGE) $(INTLTOOL_V_MERGE_OPTIONS) -x -u -m -c $(top_builddir)/po/.intltool-merge-cache $(top_srcdir)/po $< $@'
INTLTOOL_KEYS_RULE='%.keys:      %.keys.in      $(INTLTOOL_MERGE) $(wildcard $(top_srcdir)/po/*.po) ; $(INTLTOOL_V_MERGE)LC_ALL=C $(INTLTOOL_MERGE) $(INTLTOOL_V_MERGE_OPTIONS) -k -u -c $(top_builddir)/po/.intltool-merge-cache $(top_srcdir)/po $< $@'
INTLTOOL_MERGE='/usr/bin/intltool-merge'
INTLTOOL_OAF_RULE='%.oaf:       %.oaf.in       $(INTLTOOL_MERGE) $(wildcard $(top_srcdir)/po/*.po) ; $(INTLTOOL_V_MERGE)LC_ALL=C $(INTLTOOL_MERGE) $(INTLTOOL_V_MERGE_OPTIONS) -o -p $(top_srcdir)/po $< $@'
INTLTOOL_PERL='/usr/bin/perl'
INTLTOOL_POLICY_RULE='%.policy:    %.policy.in    $(INTLTOOL_MERGE) $(wildcard $(top_srcdir)/po/*.po) ; $(INTLTOOL_V_MERGE)LC_ALL=C $(INTLTOOL_MERGE) $(INTLTOOL_V_MERGE_OPTIONS) -x -u -c $(top_builddir)/po/.intltool-merge-cache $(top_srcdir)/po $< $@'
INTLTOOL_PONG_RULE='%.pong:      %.pong.in      $(INTLTOOL_MERGE) $(wildcard $(top_srcdir)/po/*.po) ; $(INTLTOOL_V_MERGE)LC_ALL=C $(INTLTOOL_MERGE) $(INTLTOOL_V_MERGE_OPTIONS) -x -u -c $(top_builddir)/po/.intltool-merge-cache $(top_srcdir)/po $< $@'
INTLTOOL_PROP_RULE='%.prop:      %.prop.in      $(INTLTOOL_MERGE) $(wildcard $(top_srcdir)/po/*.po) ; $(INTLTOOL_V_MERGE)LC_ALL=C $(INTLTOOL_MERGE) $(INTLTOOL_V_MERGE_OPTIONS) -d -u -c $(top_builddir)/po/.intltool-merge-cache $(top_srcdir)/po $< $@'
INTLTOOL_SCHEMAS_RULE='%.schemas:   %.schemas.in   $(INTLTOOL_MERGE) $(wildcard $(top_srcdir)/po/*.po) ; $(INTLTOOL_V_MERGE)LC_ALL=C $(INTLTOOL_MERGE) $(INTLTOOL_V_MERGE_OPTIONS) -s -u -c $(top_builddir)/po/.intltool-merge-cache $(top_srcdir)/po $< $@'
INTLTOOL_SERVER_RULE='%.server:    %.server.in    $(INTLTOOL_MERGE) $(wildcard $(top_srcdir)/po/*.po) ; $(INTLTOOL_V_MERGE)LC_ALL=C $(INTLTOOL_MERGE) $(INTLTOOL_V_MERGE_OPTIONS) -o -u -c $(top_builddir)/po/.intltool-merge-cache $(top_srcdir)/po $< $@'
INTLTOOL_SERVICE_RULE='%.service: %.service.in   $(INTLTOOL_MERGE) $(wildcard $(top_srcdir)/po/*.po) ; $(INTLTOOL_V_MERGE)LC_ALL=C $(INTLTOOL_MERGE) $(INTLTOOL_V_MERGE_OPTIONS) -d -u -c $(top_builddir)/po/.intltool-merge-cache $(top_srcdir)/po $< $@'
INTLTOOL_SHEET_RULE='%.sheet:     %.sheet.in     $(INTLTOOL_MERGE) $(wildcard $(top_srcdir)/po/*.po) ; $(INTLTOOL_V_MERGE)LC_ALL=C $(INTLTOOL_MERGE) $(INTLTOOL_V_MERGE_OPTIONS) -x -u -c $(top_builddir)/po/.intltool-merge-cache $(top_srcdir)/po $< $@'
INTLTOOL_SOUNDLIST_RULE='%.soundlist: %.soundlist.in $(INTLTOOL_MERGE) $(wildcard $(top_srcdir)/po/*.po) ; $(INTLTOOL_V_MERGE)LC_ALL=C $(INTLTOOL_MERGE) $(INTLTOOL_V_MERGE_OPTIONS) -d -u -c $(top_builddir)/po/.intltool-merge-cache $(top_srcdir)/po $< $@'
INTLTOOL_THEME_RULE='%.theme:     %.theme.in     $(INTLTOOL_MERGE) $(wildcard $(top_srcdir)/po/*.po) ; $(INTLTOOL_V_MERGE)LC_ALL=C $(INTLTOOL_MERGE) $(INTLTOOL_V_MERGE_OPTIONS) -d -u -c $(top_builddir)/po/.intltool-merge-cache $(top_srcdir)/po $< $@'
INTLTOOL_UI_RULE='%.ui:        %.ui.in        $(INTLTOOL_MERGE) $(wildcard $(top_srcdir)/po/*.po) ; $(INTLTOOL_V_MERGE)LC_ALL=C $(INTLTOOL_MERGE) $(INTLTOOL_V_MERGE_OPTIONS) -x -u -c $(top_builddir)/po/.intltool-merge-cache $(top_srcdir)/po $< $@'
INTLTOOL_UPDATE='/usr/bin/intltool-update'
INTLTOOL_V_MERGE='$(INTLTOOL__v_MERGE_$(V))'
INTLTOOL_V_MERGE_OPTIONS='$(intltool__v_merge_options_$(V))'
INTLTOOL_XAM_RULE='%.xam:       %.xml.in       $(INTLTOOL_MERGE) $(wildcard $(top_srcdir)/po/*.po) ; $(INTLTOOL_V_MERGE)LC_ALL=C $(INTLTOOL_MERGE) $(INTLTOOL_V_MERGE_OPTIONS) -x -u -c $(top_builddir)/po/.intltool-merge-cache $(top_srcdir)/po $< $@'
INTLTOOL_XML_NOMERGE_RULE='%.xml:       %.xml.in       $(INTLTOOL_MERGE) ; $(INTLTOOL_V_MERGE)LC_ALL=C $(INTLTOOL_MERGE) $(INTLTOOL_V_MERGE_OPTIONS) -x -u --no-translations $< $@'
INTLTOOL_XML_RULE='%.xml:       %.xml.in       $(INTLTOOL_MERGE) $(wildcard $(top_srcdir)/po/*.po) ; $(INTLTOOL_V_MERGE)LC_ALL=C $(INTLTOOL_MERGE) $(INTLTOOL_V_MERGE_OPTIONS) -x -u -c $(top_builddir)/po/.intltool-merge-cache $(top_srcdir)/po $< $@'
INTLTOOL__v_MERGE_0='@echo "  ITMRG " $@;'
INTLTOOL__v_MERGE_='$(INTLTOOL__v_MERGE_$(AM_DEFAULT_VERBOSITY))'
LDFLAGS='-Wl,-z,relro'
LIBOBJS=''
LIBS=''
LTLIBOBJS=''
MAKEINFO='${SHELL} '\''/home/kali/build/gummi/0.8.3/gummi-0.8.3/missing'\'' makeinfo'
MKDIR_P='/usr/bin/mkdir -p'
MSGFMT='/usr/bin/msgfmt'
MSGMERGE='/usr/bin/msgmerge'
OBJEXT='o'
PACKAGE='gummi'
PACKAGE_BUGREPORT='alexander@localhost'
PACKAGE_NAME='Gummi'
PACKAGE_STRING='Gummi 0.8.3'
PACKAGE_TARNAME='gummi'
PACKAGE_URL='https://gummi.app'
PACKAGE_VERSION='0.8.3'
PATH_SEPARATOR=':'
PKG_CONFIG='/usr/bin/pkg-config'
PKG_CONFIG_LIBDIR=''
PKG_CONFIG_PATH=''
SET_MAKE=''
SHELL='/bin/bash'
STRIP=''
USE_NLS='yes'
USE_SYNCTEX1=''
VERSION='0.8.3'
XGETTEXT='/usr/bin/xgettext'
ac_ct_CC='gcc'
am__EXEEXT_FALSE=''
am__EXEEXT_TRUE='#'
am__fastdepCC_FALSE=''
am__fastdepCC_TRUE='#'
am__include='include'
am__isrc=''
am__leading_dot='.'
am__nodep=''
am__quote=''
am__tar='$${TAR-tar} chof - "$$tardir"'
am__untar='$${TAR-tar} xf -'
bindir='${exec_prefix}/bin'
build_alias='x86_64-linux-gnu'
datadir='${datarootdir}'
datarootdir='${prefix}/share'
docdir='${datarootdir}/doc/${PACKAGE_TARNAME}'
dvidir='${docdir}'
exec_prefix='${prefix}'
gthread_CFLAGS='-pthread -I/usr/include/glib-2.0 -I/usr/lib/x86_64-linux-gnu/glib-2.0/include'
gthread_LIBS='-lgthread-2.0 -pthread -lglib-2.0'
gtksourceview_CFLAGS='-pthread -I/usr/include/gtksourceview-3.0 -I/usr/include/libxml2 -I/usr/include/gtk-3.0 -I/usr/include/at-spi2-atk/2.0 -I/usr/include/at-spi-2.0 -I/usr/include/dbus-1.0 -I/usr/lib/x86_64-linux-gnu/dbus-1.0/include -I/usr/include/gtk-3.0 -I/usr/include/gio-unix-2.0 -I/usr/include/cairo -I/usr/include/pango-1.0 -I/usr/include/harfbuzz -I/usr/include/pango-1.0 -I/usr/include/fribidi -I/usr/include/harfbuzz -I/usr/include/atk-1.0 -I/usr/include/cairo -I/usr/include/pixman-1 -I/usr/include/uuid -I/usr/include/freetype2 -I/usr/include/gdk-pixbuf-2.0 -I/usr/include/libpng16 -I/usr/include/x86_64-linux-gnu -I/usr/include/libmount -I/usr/include/blkid -I/usr/include/glib-2.0 -I/usr/lib/x86_64-linux-gnu/glib-2.0/include'
gtksourceview_LIBS='-lgtksourceview-3.0 -lgtk-3 -lgdk-3 -lpangocairo-1.0 -lpango-1.0 -lharfbuzz -latk-1.0 -lcairo-gobject -lcairo -lgdk_pixbuf-2.0 -lgio-2.0 -lgobject-2.0 -lglib-2.0'
gtkspell3_CFLAGS='-pthread -I/usr/include/gtkspell-3.0 -I/usr/include/gtk-3.0 -I/usr/include/at-spi2-atk/2.0 -I/usr/include/at-spi-2.0 -I/usr/include/dbus-1.0 -I/usr/lib/x86_64-linux-gnu/dbus-1.0/include -I/usr/include/gtk-3.0 -I/usr/include/gio-unix-2.0 -I/usr/include/cairo -I/usr/include/pango-1.0 -I/usr/include/harfbuzz -I/usr/include/pango-1.0 -I/usr/include/fribidi -I/usr/include/harfbuzz -I/usr/include/atk-1.0 -I/usr/include/cairo -I/usr/include/pixman-1 -I/usr/include/uuid -I/usr/include/freetype2 -I/usr/include/gdk-pixbuf-2.0 -I/usr/include/libpng16 -I/usr/include/x86_64-linux-gnu -I/usr/include/libmount -I/usr/include/blkid -I/usr/include/enchant-2 -I/usr/include/glib-2.0 -I/usr/lib/x86_64-linux-gnu/glib-2.0/include'
gtkspell3_LIBS='-lgtkspell3-3 -lgtk-3 -lgdk-3 -lpangocairo-1.0 -lpango-1.0 -lharfbuzz -latk-1.0 -lcairo-gobject -lcairo -lgdk_pixbuf-2.0 -lgio-2.0 -lgobject-2.0 -lglib-2.0 -lenchant-2'
host_alias=''
htmldir='${docdir}'
includedir='${prefix}/include'
infodir='${prefix}/share/info'
install_sh='${SHELL} /home/kali/build/gummi/0.8.3/gummi-0.8.3/install-sh'
intltool__v_merge_options_0='-q'
intltool__v_merge_options_='$(intltool__v_merge_options_$(AM_DEFAULT_VERBOSITY))'
libdir='${prefix}/lib/x86_64-linux-gnu'
libexecdir='${exec_prefix}/libexec'
localedir='${datarootdir}/locale'
localstatedir='/var'
mandir='${prefix}/share/man'
mkdir_p='$(MKDIR_P)'
oldincludedir='/usr/include'
pdfdir='${docdir}'
poppler_CFLAGS='-I/usr/include/poppler/glib -I/usr/include/poppler -I/usr/include/cairo -I/usr/include/glib-2.0 -I/usr/lib/x86_64-linux-gnu/glib-2.0/include -I/usr/include/pixman-1 -I/usr/include/uuid -I/usr/include/freetype2 -I/usr/include/libpng16'
poppler_LIBS='-lpoppler-glib -lgobject-2.0 -lglib-2.0 -lcairo'
prefix='/usr'
program_transform_name='s,x,x,'
psdir='${docdir}'
runstatedir='/run'
sbindir='${exec_prefix}/sbin'
sharedstatedir='${prefix}/com'
synctex_CFLAGS='-I/usr/include/synctex'
synctex_LIBS='-lsynctex'
sysconfdir='/etc'
target_alias=''

## ----------- ##
## confdefs.h. ##
## ----------- ##

/* confdefs.h */
#define PACKAGE_NAME "Gummi"
#define PACKAGE_TARNAME "gummi"
#define PACKAGE_VERSION "0.8.3"
#define PACKAGE_STRING "Gummi 0.8.3"
#define PACKAGE_BUGREPORT "alexander@localhost"
#define PACKAGE_URL "https://gummi.app"
#define PACKAGE "gummi"
#define VERSION "0.8.3"
#define GETTEXT_PACKAGE "gummi"
#define HAVE_STDIO_H 1
#define HAVE_STDLIB_H 1
#define HAVE_STRING_H 1
#define HAVE_INTTYPES_H 1
#define HAVE_STDINT_H 1
#define HAVE_STRINGS_H 1
#define HAVE_SYS_STAT_H 1
#define HAVE_SYS_TYPES_H 1
#define HAVE_UNISTD_H 1
#define STDC_HEADERS 1
#define HAVE_LIBINTL_H 1
#define HAVE_LOCALE_H 1
#define HAVE_NETDB_H 1
#define HAVE_STDLIB_H 1
#define HAVE_STRING_H 1
#define HAVE_SYS_SOCKET_H 1
#define HAVE_SYS_TIME_H 1
#define HAVE_UNISTD_H 1
#define HAVE_FCNTL_H 1
#define HAVE__BOOL 1
#define HAVE_STDBOOL_H 1
#define HAVE_GETHOSTBYNAME 1
#define HAVE_MEMSET 1
#define HAVE_SETLOCALE 1
#define HAVE_SOCKET 1
#define HAVE_STRSTR 1

configure: exit 0
